zhao_sheng/build/outputs/logs/manifest-merger-debug-report.txt
-- Merging decision tree log ---
manifest
ADDED from src\main\AndroidManifest.xml:2:1-1246:12
INJECTED from src\main\AndroidManifest.xml:2:1-1246:12
INJECTED from src\main\AndroidManifest.xml:2:1-1246:12
INJECTED from src\main\AndroidManifest.xml:2:1-1246:12
MERGED from [com.android.support:multidex:1.0.3] AndroidManifest.xml:17:1-22:12
MERGED from [com.android.support.constraint:constraint-layout:1.1.3] AndroidManifest.xml:2:1-11:12
MERGED from [com.android.support:design:28.0.0] AndroidManifest.xml:17:1-24:12
MERGED from [com.linheimx.library:lchart:1.0.0] AndroidManifest.xml:2:1-17:12
MERGED from [com.android.support:appcompat-v7:28.0.0] AndroidManifest.xml:17:1-22:12
MERGED from [:slidelistview_library] AndroidManifest.xml:2:1-11:12
MERGED from [:mylibrary] AndroidManifest.xml:2:1-11:12
MERGED from [com.android.support:support-v4:28.0.0] AndroidManifest.xml:17:1-22:12
MERGED from [com.android.support:recyclerview-v7:28.0.0] AndroidManifest.xml:17:1-22:12
MERGED from [com.android.support:cardview-v7:28.0.0] AndroidManifest.xml:17:1-22:12
MERGED from [com.android.support:animated-vector-drawable:28.0.0] AndroidManifest.xml:17:1-22:12
MERGED from [com.android.support:support-vector-drawable:28.0.0] AndroidManifest.xml:17:1-22:12
MERGED from [:record] AndroidManifest.xml:2:1-11:12
MERGED from [jp.wasabeef:glide-transformations:3.0.1] AndroidManifest.xml:2:1-12:12
MERGED from [com.github.bumptech.glide:glide:4.7.1] AndroidManifest.xml:2:1-13:12
MERGED from [cn.jiguang.sdk:jpush:3.1.3] AndroidManifest.xml:2:1-133:12
MERGED from [cn.jiguang.sdk:jcore:1.2.1] AndroidManifest.xml:2:1-14:12
MERGED from [io.reactivex:rxandroid:1.2.1] AndroidManifest.xml:15:1-21:12
MERGED from [com.android.support:support-fragment:28.0.0] AndroidManifest.xml:17:1-22:12
MERGED from [com.android.support:support-core-ui:28.0.0] AndroidManifest.xml:17:1-22:12
MERGED from [com.android.support:support-core-utils:28.0.0] AndroidManifest.xml:17:1-22:12
MERGED from [com.android.support:transition:28.0.0] AndroidManifest.xml:17:1-22:12
MERGED from [com.android.support:loader:28.0.0] AndroidManifest.xml:17:1-22:12
MERGED from [com.android.support:viewpager:28.0.0] AndroidManifest.xml:17:1-22:12
MERGED from [com.android.support:coordinatorlayout:28.0.0] AndroidManifest.xml:17:1-22:12
MERGED from [com.android.support:drawerlayout:28.0.0] AndroidManifest.xml:17:1-22:12
MERGED from [com.android.support:slidingpanelayout:28.0.0] AndroidManifest.xml:17:1-22:12
MERGED from [com.android.support:customview:28.0.0] AndroidManifest.xml:17:1-22:12
MERGED from [com.android.support:swiperefreshlayout:28.0.0] AndroidManifest.xml:17:1-22:12
MERGED from [com.android.support:asynclayoutinflater:28.0.0] AndroidManifest.xml:17:1-22:12
MERGED from [com.android.support:support-media-compat:28.0.0] AndroidManifest.xml:17:1-22:12
MERGED from [com.android.support:support-compat:28.0.0] AndroidManifest.xml:17:1-24:12
MERGED from [com.android.support:versionedparcelable:28.0.0] AndroidManifest.xml:17:1-25:12
MERGED from [android.arch.lifecycle:runtime:1.1.1] AndroidManifest.xml:17:1-22:12
MERGED from [com.android.support:documentfile:28.0.0] AndroidManifest.xml:17:1-22:12
MERGED from [com.android.support:localbroadcastmanager:28.0.0] AndroidManifest.xml:17:1-22:12
MERGED from [com.android.support:print:28.0.0] AndroidManifest.xml:17:1-22:12
MERGED from [com.android.support:interpolator:28.0.0] AndroidManifest.xml:17:1-22:12
MERGED from [com.android.support:cursoradapter:28.0.0] AndroidManifest.xml:17:1-22:12
MERGED from [android.arch.lifecycle:livedata:1.1.1] AndroidManifest.xml:17:1-22:12
MERGED from [android.arch.lifecycle:livedata-core:1.1.1] AndroidManifest.xml:17:1-22:12
MERGED from [android.arch.core:runtime:1.1.1] AndroidManifest.xml:17:1-22:12
MERGED from [android.arch.lifecycle:viewmodel:1.1.1] AndroidManifest.xml:17:1-22:12
MERGED from [com.github.bumptech.glide:gifdecoder:4.7.1] AndroidManifest.xml:2:1-11:12
MERGED from [:oldninedroid_library] AndroidManifest.xml:2:1-7:12
INJECTED from src\main\AndroidManifest.xml:2:1-1246:12
INJECTED from src\main\AndroidManifest.xml:2:1-1246:12
INJECTED from src\main\AndroidManifest.xml:2:1-1246:12
	package
		ADDED from src\main\AndroidManifest.xml:4:5-37
		INJECTED from src\main\AndroidManifest.xml
		INJECTED from src\main\AndroidManifest.xml
	android:versionName
		INJECTED from src\main\AndroidManifest.xml
		ADDED from src\main\AndroidManifest.xml:2:1-1246:12
		INJECTED from src\main\AndroidManifest.xml
	xmlns:tools
		ADDED from src\main\AndroidManifest.xml:3:5-51
	android:versionCode
		INJECTED from src\main\AndroidManifest.xml
		ADDED from src\main\AndroidManifest.xml:2:1-1246:12
		INJECTED from src\main\AndroidManifest.xml
	xmlns:android
		ADDED from src\main\AndroidManifest.xml:2:11-69
uses-permission#android.permission.WRITE_EXTERNAL_STORAGE
ADDED from src\main\AndroidManifest.xml:9:5-81
MERGED from [cn.jiguang.sdk:jpush:3.1.3] AndroidManifest.xml:21:5-81
MERGED from [cn.jiguang.sdk:jpush:3.1.3] AndroidManifest.xml:21:5-81
	android:name
		ADDED from src\main\AndroidManifest.xml:9:22-78
uses-permission#android.permission.READ_EXTERNAL_STORAGE
ADDED from src\main\AndroidManifest.xml:10:5-80
MERGED from [cn.jiguang.sdk:jpush:3.1.3] AndroidManifest.xml:22:5-80
MERGED from [cn.jiguang.sdk:jpush:3.1.3] AndroidManifest.xml:22:5-80
	android:name
		ADDED from src\main\AndroidManifest.xml:10:22-77
uses-permission#android.permission.INTERNET
ADDED from src\main\AndroidManifest.xml:12:5-67
MERGED from [cn.jiguang.sdk:jpush:3.1.3] AndroidManifest.xml:18:5-67
MERGED from [cn.jiguang.sdk:jpush:3.1.3] AndroidManifest.xml:18:5-67
	android:name
		ADDED from src\main\AndroidManifest.xml:12:22-64
uses-permission#android.permission.CAMERA
ADDED from src\main\AndroidManifest.xml:13:5-65
	android:name
		ADDED from src\main\AndroidManifest.xml:13:22-62
uses-permission#android.permission.ACCESS_NETWORK_STATE
ADDED from src\main\AndroidManifest.xml:14:5-79
MERGED from [cn.jiguang.sdk:jpush:3.1.3] AndroidManifest.xml:26:5-79
MERGED from [cn.jiguang.sdk:jpush:3.1.3] AndroidManifest.xml:26:5-79
	android:name
		ADDED from src\main\AndroidManifest.xml:14:22-76
uses-permission#android.permission.ACCESS_WIFI_STATE
ADDED from src\main\AndroidManifest.xml:15:5-76
MERGED from [cn.jiguang.sdk:jpush:3.1.3] AndroidManifest.xml:27:5-76
MERGED from [cn.jiguang.sdk:jpush:3.1.3] AndroidManifest.xml:27:5-76
	android:name
		ADDED from src\main\AndroidManifest.xml:15:22-73
uses-permission#android.permission.CALL_PHONE
ADDED from src\main\AndroidManifest.xml:17:5-69
	android:name
		ADDED from src\main\AndroidManifest.xml:17:22-66
uses-permission#android.permission.REQUEST_INSTALL_PACKAGES
ADDED from src\main\AndroidManifest.xml:19:5-83
	android:name
		ADDED from src\main\AndroidManifest.xml:19:22-80
permission#com.example.zhao_sheng.permission.JPUSH_MESSAGE
ADDED from src\main\AndroidManifest.xml:22:5-24:47
MERGED from [cn.jiguang.sdk:jpush:3.1.3] AndroidManifest.xml:11:5-13:47
	android:protectionLevel
		ADDED from src\main\AndroidManifest.xml:24:9-44
	android:name
		ADDED from src\main\AndroidManifest.xml:23:9-71
uses-permission#com.example.zhao_sheng.permission.JPUSH_MESSAGE
ADDED from src\main\AndroidManifest.xml:26:5-87
MERGED from [cn.jiguang.sdk:jpush:3.1.3] AndroidManifest.xml:16:5-81
	android:name
		ADDED from src\main\AndroidManifest.xml:26:22-84
application
ADDED from src\main\AndroidManifest.xml:31:5-1244:19
MERGED from [com.android.support.constraint:constraint-layout:1.1.3] AndroidManifest.xml:9:5-20
MERGED from [com.android.support.constraint:constraint-layout:1.1.3] AndroidManifest.xml:9:5-20
MERGED from [com.android.support:design:28.0.0] AndroidManifest.xml:22:5-20
MERGED from [com.android.support:design:28.0.0] AndroidManifest.xml:22:5-20
MERGED from [com.linheimx.library:lchart:1.0.0] AndroidManifest.xml:11:5-15:19
MERGED from [com.linheimx.library:lchart:1.0.0] AndroidManifest.xml:11:5-15:19
MERGED from [com.github.bumptech.glide:glide:4.7.1] AndroidManifest.xml:11:5-20
MERGED from [com.github.bumptech.glide:glide:4.7.1] AndroidManifest.xml:11:5-20
MERGED from [cn.jiguang.sdk:jpush:3.1.3] AndroidManifest.xml:37:5-131:19
MERGED from [cn.jiguang.sdk:jpush:3.1.3] AndroidManifest.xml:37:5-131:19
MERGED from [cn.jiguang.sdk:jcore:1.2.1] AndroidManifest.xml:11:5-12:19
MERGED from [cn.jiguang.sdk:jcore:1.2.1] AndroidManifest.xml:11:5-12:19
MERGED from [com.android.support:support-compat:28.0.0] AndroidManifest.xml:22:5-94
MERGED from [com.android.support:support-compat:28.0.0] AndroidManifest.xml:22:5-94
MERGED from [com.android.support:versionedparcelable:28.0.0] AndroidManifest.xml:22:5-23:19
MERGED from [com.android.support:versionedparcelable:28.0.0] AndroidManifest.xml:22:5-23:19
MERGED from [com.github.bumptech.glide:gifdecoder:4.7.1] AndroidManifest.xml:9:5-20
MERGED from [com.github.bumptech.glide:gifdecoder:4.7.1] AndroidManifest.xml:9:5-20
	android:appComponentFactory
		ADDED from [com.android.support:support-compat:28.0.0] AndroidManifest.xml:22:18-91
	android:supportsRtl
		ADDED from [com.linheimx.library:lchart:1.0.0] AndroidManifest.xml:14:9-35
	android:label
		ADDED from src\main\AndroidManifest.xml:35:9-41
	tools:ignore
		ADDED from src\main\AndroidManifest.xml:40:9-48
	android:persistent
		ADDED from src\main\AndroidManifest.xml:37:9-34
	android:icon
		ADDED from src\main\AndroidManifest.xml:34:9-38
	android:allowBackup
		ADDED from src\main\AndroidManifest.xml:33:9-36
		REJECTED from [com.linheimx.library:lchart:1.0.0] AndroidManifest.xml:12:9-35
	android:theme
		ADDED from src\main\AndroidManifest.xml:38:9-40
	android:networkSecurityConfig
		ADDED from src\main\AndroidManifest.xml:36:9-69
	tools:replace
		ADDED from src\main\AndroidManifest.xml:41:9-44
	android:usesCleartextTraffic
		ADDED from src\main\AndroidManifest.xml:39:9-44
	android:name
		ADDED from src\main\AndroidManifest.xml:32:9-40
provider#android.support.v4.content.FileProvider
ADDED from src\main\AndroidManifest.xml:44:9-51:20
	android:grantUriPermissions
		ADDED from src\main\AndroidManifest.xml:47:13-47
	android:authorities
		ADDED from src\main\AndroidManifest.xml:46:13-70
	android:name
		ADDED from src\main\AndroidManifest.xml:45:13-67
meta-data#android.support.FILE_PROVIDER_PATHS
ADDED from src\main\AndroidManifest.xml:48:13-50:54
	android:resource
		ADDED from src\main\AndroidManifest.xml:50:17-51
	android:name
		ADDED from src\main\AndroidManifest.xml:49:17-67
activity#com.yfy.app.LaunchActivity
ADDED from src\main\AndroidManifest.xml:54:9-63:20
	android:label
		ADDED from src\main\AndroidManifest.xml:56:13-45
	android:theme
		ADDED from src\main\AndroidManifest.xml:57:13-51
	android:name
		ADDED from src\main\AndroidManifest.xml:55:13-54
intent-filter#action:name:android.intent.action.MAIN+category:name:android.intent.category.LAUNCHER
ADDED from src\main\AndroidManifest.xml:58:13-62:29
action#android.intent.action.MAIN
ADDED from src\main\AndroidManifest.xml:59:17-69
	android:name
		ADDED from src\main\AndroidManifest.xml:59:25-66
category#android.intent.category.LAUNCHER
ADDED from src\main\AndroidManifest.xml:61:17-77
	android:name
		ADDED from src\main\AndroidManifest.xml:61:27-74
receiver#com.yfy.jpush.MyReceiver
ADDED from src\main\AndroidManifest.xml:68:9-83:20
	android:enabled
		ADDED from src\main\AndroidManifest.xml:70:13-35
	android:exported
		ADDED from src\main\AndroidManifest.xml:71:13-37
	android:name
		ADDED from src\main\AndroidManifest.xml:69:13-52
intent-filter#action:name:cn.jpush.android.intent.CONNECTION+action:name:cn.jpush.android.intent.MESSAGE_RECEIVED+action:name:cn.jpush.android.intent.NOTIFICATION_OPENED+action:name:cn.jpush.android.intent.NOTIFICATION_RECEIVED+action:name:cn.jpush.android.intent.REGISTRATION+action:name:zxx.intent.badge+category:name:com.example.zhao_sheng
ADDED from src\main\AndroidManifest.xml:72:13-82:29
action#cn.jpush.android.intent.REGISTRATION
ADDED from src\main\AndroidManifest.xml:73:17-79
	android:name
		ADDED from src\main\AndroidManifest.xml:73:25-76
action#cn.jpush.android.intent.MESSAGE_RECEIVED
ADDED from src\main\AndroidManifest.xml:74:17-83
	android:name
		ADDED from src\main\AndroidManifest.xml:74:25-80
action#cn.jpush.android.intent.NOTIFICATION_RECEIVED
ADDED from src\main\AndroidManifest.xml:75:17-88
	android:name
		ADDED from src\main\AndroidManifest.xml:75:25-85
action#cn.jpush.android.intent.NOTIFICATION_OPENED
ADDED from src\main\AndroidManifest.xml:76:17-86
	android:name
		ADDED from src\main\AndroidManifest.xml:76:25-83
action#cn.jpush.android.intent.CONNECTION
ADDED from src\main\AndroidManifest.xml:77:17-77
	android:name
		ADDED from src\main\AndroidManifest.xml:77:25-74
action#zxx.intent.badge
ADDED from src\main\AndroidManifest.xml:79:17-59
	android:name
		ADDED from src\main\AndroidManifest.xml:79:25-56
category#com.example.zhao_sheng
ADDED from src\main\AndroidManifest.xml:81:17-67
	android:name
		ADDED from src\main\AndroidManifest.xml:81:27-64
activity#com.yfy.app.ContactSearchActivity
ADDED from src\main\AndroidManifest.xml:88:9-92:53
	android:screenOrientation
		ADDED from src\main\AndroidManifest.xml:91:13-49
	android:exported
		ADDED from src\main\AndroidManifest.xml:90:13-37
	android:theme
		ADDED from src\main\AndroidManifest.xml:92:13-50
	android:name
		ADDED from src\main\AndroidManifest.xml:89:13-61
activity#com.yfy.app.EditTextActivity
ADDED from src\main\AndroidManifest.xml:93:9-99:67
	android:screenOrientation
		ADDED from src\main\AndroidManifest.xml:97:13-49
	android:windowSoftInputMode
		ADDED from src\main\AndroidManifest.xml:99:13-64
	android:exported
		ADDED from src\main\AndroidManifest.xml:96:13-37
	android:configChanges
		ADDED from src\main\AndroidManifest.xml:95:13-74
	android:theme
		ADDED from src\main\AndroidManifest.xml:98:13-44
	android:name
		ADDED from src\main\AndroidManifest.xml:94:13-56
activity#com.yfy.app.VsionDetailActivity
ADDED from src\main\AndroidManifest.xml:100:9-103:46
	android:screenOrientation
		ADDED from src\main\AndroidManifest.xml:102:13-49
	android:theme
		ADDED from src\main\AndroidManifest.xml:103:13-44
	android:name
		ADDED from src\main\AndroidManifest.xml:101:13-59
activity#com.yfy.app.ChoiceTypeActivity
ADDED from src\main\AndroidManifest.xml:104:9-107:47
	android:screenOrientation
		ADDED from src\main\AndroidManifest.xml:106:13-49
	android:theme
		ADDED from src\main\AndroidManifest.xml:107:13-44
	android:name
		ADDED from src\main\AndroidManifest.xml:105:13-58
activity#com.yfy.app.slide.CheckMainActivity
ADDED from src\main\AndroidManifest.xml:108:9-111:47
	android:screenOrientation
		ADDED from src\main\AndroidManifest.xml:110:13-49
	android:theme
		ADDED from src\main\AndroidManifest.xml:111:13-44
	android:name
		ADDED from src\main\AndroidManifest.xml:109:13-63
activity#com.yfy.app.album.AlbumAllActivity
ADDED from src\main\AndroidManifest.xml:112:9-115:53
	android:exported
		ADDED from src\main\AndroidManifest.xml:114:13-37
	android:theme
		ADDED from src\main\AndroidManifest.xml:115:13-50
	android:name
		ADDED from src\main\AndroidManifest.xml:113:13-62
activity#com.yfy.app.album.AlbumOneActivity
ADDED from src\main\AndroidManifest.xml:116:9-119:53
	android:exported
		ADDED from src\main\AndroidManifest.xml:118:13-37
	android:theme
		ADDED from src\main\AndroidManifest.xml:119:13-50
	android:name
		ADDED from src\main\AndroidManifest.xml:117:13-62
activity#com.yfy.app.album.SingePicShowActivity
ADDED from src\main\AndroidManifest.xml:120:9-123:53
	android:exported
		ADDED from src\main\AndroidManifest.xml:122:13-37
	android:theme
		ADDED from src\main\AndroidManifest.xml:123:13-50
	android:name
		ADDED from src\main\AndroidManifest.xml:121:13-66
activity#com.yfy.app.album.MultPicShowActivity
ADDED from src\main\AndroidManifest.xml:124:9-127:53
	android:exported
		ADDED from src\main\AndroidManifest.xml:126:13-37
	android:theme
		ADDED from src\main\AndroidManifest.xml:127:13-50
	android:name
		ADDED from src\main\AndroidManifest.xml:125:13-65
activity#com.yfy.app.school.SchoolNewsActivity
ADDED from src\main\AndroidManifest.xml:130:9-134:60
	android:screenOrientation
		ADDED from src\main\AndroidManifest.xml:133:13-49
	android:exported
		ADDED from src\main\AndroidManifest.xml:132:13-37
	android:theme
		ADDED from src\main\AndroidManifest.xml:134:13-57
	android:name
		ADDED from src\main\AndroidManifest.xml:131:13-65
activity#com.yfy.app.NewsDetailActivity
ADDED from src\main\AndroidManifest.xml:135:9-139:60
	android:screenOrientation
		ADDED from src\main\AndroidManifest.xml:138:13-49
	android:exported
		ADDED from src\main\AndroidManifest.xml:137:13-37
	android:theme
		ADDED from src\main\AndroidManifest.xml:139:13-57
	android:name
		ADDED from src\main\AndroidManifest.xml:136:13-58
activity#com.yfy.app.notice.cyc.NoticeActivity
ADDED from src\main\AndroidManifest.xml:141:9-146:60
	android:screenOrientation
		ADDED from src\main\AndroidManifest.xml:145:13-49
	android:launchMode
		ADDED from src\main\AndroidManifest.xml:144:13-44
	android:exported
		ADDED from src\main\AndroidManifest.xml:143:13-37
	android:theme
		ADDED from src\main\AndroidManifest.xml:146:13-57
	android:name
		ADDED from src\main\AndroidManifest.xml:142:13-65
activity#com.yfy.app.notice.cyc.SendBoxActivity
ADDED from src\main\AndroidManifest.xml:147:9-151:60
	android:screenOrientation
		ADDED from src\main\AndroidManifest.xml:150:13-49
	android:exported
		ADDED from src\main\AndroidManifest.xml:149:13-37
	android:theme
		ADDED from src\main\AndroidManifest.xml:151:13-57
	android:name
		ADDED from src\main\AndroidManifest.xml:148:13-66
activity#com.yfy.app.notice.cyc.OutBoxDetailActivity
ADDED from src\main\AndroidManifest.xml:152:9-156:60
	android:screenOrientation
		ADDED from src\main\AndroidManifest.xml:155:13-49
	android:exported
		ADDED from src\main\AndroidManifest.xml:154:13-37
	android:theme
		ADDED from src\main\AndroidManifest.xml:156:13-57
	android:name
		ADDED from src\main\AndroidManifest.xml:153:13-71
activity#com.yfy.app.notice.cyc.NoticeDetailsActivity
ADDED from src\main\AndroidManifest.xml:157:9-161:60
	android:screenOrientation
		ADDED from src\main\AndroidManifest.xml:160:13-49
	android:exported
		ADDED from src\main\AndroidManifest.xml:159:13-37
	android:theme
		ADDED from src\main\AndroidManifest.xml:161:13-57
	android:name
		ADDED from src\main\AndroidManifest.xml:158:13-72
activity#com.yfy.app.notice.cyc.NoticeAddActivity
ADDED from src\main\AndroidManifest.xml:162:9-166:70
	android:screenOrientation
		ADDED from src\main\AndroidManifest.xml:164:13-49
	android:windowSoftInputMode
		ADDED from src\main\AndroidManifest.xml:166:13-67
	android:theme
		ADDED from src\main\AndroidManifest.xml:165:13-57
	android:name
		ADDED from src\main\AndroidManifest.xml:163:13-68
activity#com.yfy.app.notice.cyc.ContactsInActivity
ADDED from src\main\AndroidManifest.xml:167:9-171:60
	android:screenOrientation
		ADDED from src\main\AndroidManifest.xml:170:13-49
	android:exported
		ADDED from src\main\AndroidManifest.xml:169:13-37
	android:theme
		ADDED from src\main\AndroidManifest.xml:171:13-57
	android:name
		ADDED from src\main\AndroidManifest.xml:168:13-69
activity#com.yfy.app.notice.cyc.ContactsSelectActivity
ADDED from src\main\AndroidManifest.xml:172:9-176:60
	android:screenOrientation
		ADDED from src\main\AndroidManifest.xml:175:13-49
	android:exported
		ADDED from src\main\AndroidManifest.xml:174:13-37
	android:theme
		ADDED from src\main\AndroidManifest.xml:176:13-57
	android:name
		ADDED from src\main\AndroidManifest.xml:173:13-73
activity#com.yfy.app.notice.cyc.ContactSearchActivity
ADDED from src\main\AndroidManifest.xml:177:9-181:60
	android:screenOrientation
		ADDED from src\main\AndroidManifest.xml:180:13-49
	android:exported
		ADDED from src\main\AndroidManifest.xml:179:13-37
	android:theme
		ADDED from src\main\AndroidManifest.xml:181:13-57
	android:name
		ADDED from src\main\AndroidManifest.xml:178:13-72
activity#com.yfy.upload.UpDataDialogActivity
ADDED from src\main\AndroidManifest.xml:182:9-184:53
	android:theme
		ADDED from src\main\AndroidManifest.xml:184:13-50
	android:name
		ADDED from src\main\AndroidManifest.xml:183:13-63
service#com.yfy.upload.UploadDataService
ADDED from src\main\AndroidManifest.xml:186:9-188:40
	android:exported
		ADDED from src\main\AndroidManifest.xml:188:13-37
	android:name
		ADDED from src\main\AndroidManifest.xml:187:13-60
activity#com.yfy.app.HomeNewActivity
ADDED from src\main\AndroidManifest.xml:190:9-195:47
	android:screenOrientation
		ADDED from src\main\AndroidManifest.xml:194:13-49
	android:launchMode
		ADDED from src\main\AndroidManifest.xml:193:13-44
	android:exported
		ADDED from src\main\AndroidManifest.xml:192:13-37
	android:theme
		ADDED from src\main\AndroidManifest.xml:195:13-44
	android:name
		ADDED from src\main\AndroidManifest.xml:191:13-55
activity#com.yfy.app.login.LoginActivity
ADDED from src\main\AndroidManifest.xml:196:9-200:70
	android:screenOrientation
		ADDED from src\main\AndroidManifest.xml:198:13-49
	android:windowSoftInputMode
		ADDED from src\main\AndroidManifest.xml:200:13-67
	android:theme
		ADDED from src\main\AndroidManifest.xml:199:13-57
	android:name
		ADDED from src\main\AndroidManifest.xml:197:13-59
activity#com.yfy.app.login.TeaResetStuPassActivity
ADDED from src\main\AndroidManifest.xml:201:9-204:60
	android:screenOrientation
		ADDED from src\main\AndroidManifest.xml:203:13-49
	android:theme
		ADDED from src\main\AndroidManifest.xml:204:13-57
	android:name
		ADDED from src\main\AndroidManifest.xml:202:13-69
activity#com.yfy.app.login.PhoneCodectivity
ADDED from src\main\AndroidManifest.xml:205:9-209:70
	android:screenOrientation
		ADDED from src\main\AndroidManifest.xml:207:13-49
	android:windowSoftInputMode
		ADDED from src\main\AndroidManifest.xml:209:13-67
	android:theme
		ADDED from src\main\AndroidManifest.xml:208:13-57
	android:name
		ADDED from src\main\AndroidManifest.xml:206:13-62
activity#com.yfy.app.login.AlterPassActivity
ADDED from src\main\AndroidManifest.xml:210:9-215:70
	android:screenOrientation
		ADDED from src\main\AndroidManifest.xml:213:13-49
	android:windowSoftInputMode
		ADDED from src\main\AndroidManifest.xml:215:13-67
	android:exported
		ADDED from src\main\AndroidManifest.xml:212:13-37
	android:theme
		ADDED from src\main\AndroidManifest.xml:214:13-57
	android:name
		ADDED from src\main\AndroidManifest.xml:211:13-63
activity#com.yfy.app.info_submit.activity.AuthenticationActivity
ADDED from src\main\AndroidManifest.xml:218:9-223:60
	android:screenOrientation
		ADDED from src\main\AndroidManifest.xml:222:13-49
	android:label
		ADDED from src\main\AndroidManifest.xml:221:13-45
	android:exported
		ADDED from src\main\AndroidManifest.xml:220:13-37
	android:theme
		ADDED from src\main\AndroidManifest.xml:223:13-57
	android:name
		ADDED from src\main\AndroidManifest.xml:219:13-83
activity#com.yfy.app.info_submit.activity.FormShowActivity
ADDED from src\main\AndroidManifest.xml:224:9-229:60
	android:screenOrientation
		ADDED from src\main\AndroidManifest.xml:228:13-49
	android:label
		ADDED from src\main\AndroidManifest.xml:227:13-45
	android:exported
		ADDED from src\main\AndroidManifest.xml:226:13-37
	android:theme
		ADDED from src\main\AndroidManifest.xml:229:13-57
	android:name
		ADDED from src\main\AndroidManifest.xml:225:13-77
activity#com.yfy.app.info_submit.activity.FormWriteActivity
ADDED from src\main\AndroidManifest.xml:230:9-235:60
	android:screenOrientation
		ADDED from src\main\AndroidManifest.xml:234:13-49
	android:label
		ADDED from src\main\AndroidManifest.xml:233:13-45
	android:exported
		ADDED from src\main\AndroidManifest.xml:232:13-37
	android:theme
		ADDED from src\main\AndroidManifest.xml:235:13-57
	android:name
		ADDED from src\main\AndroidManifest.xml:231:13-78
activity#com.yfy.app.info_submit.activity.FormWriteItemActivity
ADDED from src\main\AndroidManifest.xml:236:9-242:57
	android:screenOrientation
		ADDED from src\main\AndroidManifest.xml:240:13-49
	android:label
		ADDED from src\main\AndroidManifest.xml:239:13-45
	android:windowSoftInputMode
		ADDED from src\main\AndroidManifest.xml:242:13-54
	android:exported
		ADDED from src\main\AndroidManifest.xml:238:13-37
	android:theme
		ADDED from src\main\AndroidManifest.xml:241:13-57
	android:name
		ADDED from src\main\AndroidManifest.xml:237:13-82
activity#com.yfy.app.affiche.AfficheActivity
ADDED from src\main\AndroidManifest.xml:248:9-251:47
	android:screenOrientation
		ADDED from src\main\AndroidManifest.xml:250:13-49
	android:theme
		ADDED from src\main\AndroidManifest.xml:251:13-44
	android:name
		ADDED from src\main\AndroidManifest.xml:249:13-63
activity#com.yfy.app.affiche.AffWebActivity
ADDED from src\main\AndroidManifest.xml:252:9-255:47
	android:screenOrientation
		ADDED from src\main\AndroidManifest.xml:254:13-49
	android:theme
		ADDED from src\main\AndroidManifest.xml:255:13-44
	android:name
		ADDED from src\main\AndroidManifest.xml:253:13-62
activity#com.yfy.app.allclass.ShapeSingleActivity
ADDED from src\main\AndroidManifest.xml:258:9-262:47
	android:screenOrientation
		ADDED from src\main\AndroidManifest.xml:261:13-49
	android:exported
		ADDED from src\main\AndroidManifest.xml:260:13-37
	android:theme
		ADDED from src\main\AndroidManifest.xml:262:13-44
	android:name
		ADDED from src\main\AndroidManifest.xml:259:13-68
activity#com.yfy.app.allclass.ShapeSearchActivity
ADDED from src\main\AndroidManifest.xml:263:9-267:47
	android:screenOrientation
		ADDED from src\main\AndroidManifest.xml:266:13-49
	android:exported
		ADDED from src\main\AndroidManifest.xml:265:13-37
	android:theme
		ADDED from src\main\AndroidManifest.xml:267:13-44
	android:name
		ADDED from src\main\AndroidManifest.xml:264:13-68
activity#com.yfy.app.allclass.EditReplyActivity
ADDED from src\main\AndroidManifest.xml:268:9-273:47
	android:screenOrientation
		ADDED from src\main\AndroidManifest.xml:272:13-49
	android:exported
		ADDED from src\main\AndroidManifest.xml:271:13-37
	android:configChanges
		ADDED from src\main\AndroidManifest.xml:270:13-74
	android:theme
		ADDED from src\main\AndroidManifest.xml:273:13-44
	android:name
		ADDED from src\main\AndroidManifest.xml:269:13-66
activity#com.yfy.app.allclass.ShapeDetailActivity
ADDED from src\main\AndroidManifest.xml:274:9-278:47
	android:screenOrientation
		ADDED from src\main\AndroidManifest.xml:277:13-49
	android:exported
		ADDED from src\main\AndroidManifest.xml:276:13-37
	android:theme
		ADDED from src\main\AndroidManifest.xml:278:13-44
	android:name
		ADDED from src\main\AndroidManifest.xml:275:13-68
activity#com.yfy.app.vote.VoteListActivity
ADDED from src\main\AndroidManifest.xml:284:9-288:60
	android:screenOrientation
		ADDED from src\main\AndroidManifest.xml:287:13-49
	android:exported
		ADDED from src\main\AndroidManifest.xml:286:13-37
	android:theme
		ADDED from src\main\AndroidManifest.xml:288:13-57
	android:name
		ADDED from src\main\AndroidManifest.xml:285:13-61
activity#com.yfy.app.vote.VoteDetailActicity
ADDED from src\main\AndroidManifest.xml:289:9-294:67
	android:screenOrientation
		ADDED from src\main\AndroidManifest.xml:292:13-49
	android:windowSoftInputMode
		ADDED from src\main\AndroidManifest.xml:294:13-64
	android:exported
		ADDED from src\main\AndroidManifest.xml:291:13-37
	android:theme
		ADDED from src\main\AndroidManifest.xml:293:13-57
	android:name
		ADDED from src\main\AndroidManifest.xml:290:13-63
activity#com.yfy.app.login.AlterCllActivity
ADDED from src\main\AndroidManifest.xml:295:9-300:67
	android:screenOrientation
		ADDED from src\main\AndroidManifest.xml:298:13-49
	android:windowSoftInputMode
		ADDED from src\main\AndroidManifest.xml:300:13-64
	android:exported
		ADDED from src\main\AndroidManifest.xml:297:13-37
	android:theme
		ADDED from src\main\AndroidManifest.xml:299:13-57
	android:name
		ADDED from src\main\AndroidManifest.xml:296:13-62
activity#com.yfy.app.pro.PropertyActivity
ADDED from src\main\AndroidManifest.xml:303:9-308:60
	android:screenOrientation
		ADDED from src\main\AndroidManifest.xml:307:13-49
	android:label
		ADDED from src\main\AndroidManifest.xml:306:13-45
	android:exported
		ADDED from src\main\AndroidManifest.xml:305:13-37
	android:theme
		ADDED from src\main\AndroidManifest.xml:308:13-57
	android:name
		ADDED from src\main\AndroidManifest.xml:304:13-60
activity#com.yfy.app.pro.AddPropertyActivity
ADDED from src\main\AndroidManifest.xml:309:9-314:60
	android:screenOrientation
		ADDED from src\main\AndroidManifest.xml:313:13-49
	android:label
		ADDED from src\main\AndroidManifest.xml:312:13-45
	android:exported
		ADDED from src\main\AndroidManifest.xml:311:13-37
	android:theme
		ADDED from src\main\AndroidManifest.xml:314:13-57
	android:name
		ADDED from src\main\AndroidManifest.xml:310:13-63
activity#com.yfy.app.pro.AddSupplyActivity
ADDED from src\main\AndroidManifest.xml:315:9-320:60
	android:screenOrientation
		ADDED from src\main\AndroidManifest.xml:319:13-49
	android:label
		ADDED from src\main\AndroidManifest.xml:318:13-45
	android:exported
		ADDED from src\main\AndroidManifest.xml:317:13-37
	android:theme
		ADDED from src\main\AndroidManifest.xml:320:13-57
	android:name
		ADDED from src\main\AndroidManifest.xml:316:13-61
activity#com.yfy.app.pro.ClassPropertyActivity
ADDED from src\main\AndroidManifest.xml:321:9-326:60
	android:screenOrientation
		ADDED from src\main\AndroidManifest.xml:325:13-49
	android:label
		ADDED from src\main\AndroidManifest.xml:324:13-45
	android:exported
		ADDED from src\main\AndroidManifest.xml:323:13-37
	android:theme
		ADDED from src\main\AndroidManifest.xml:326:13-57
	android:name
		ADDED from src\main\AndroidManifest.xml:322:13-65
activity#com.yfy.app.pro.PropertyDetailActivity
ADDED from src\main\AndroidManifest.xml:327:9-332:60
	android:screenOrientation
		ADDED from src\main\AndroidManifest.xml:331:13-49
	android:label
		ADDED from src\main\AndroidManifest.xml:330:13-45
	android:exported
		ADDED from src\main\AndroidManifest.xml:329:13-37
	android:theme
		ADDED from src\main\AndroidManifest.xml:332:13-57
	android:name